<?xml version="1.0" encoding="UTF-8"?>
<testng-results ignored="0" total="1" passed="1" failed="0" skipped="0">
  <reporter-output>
  </reporter-output>
  <suite started-at="2025-09-15T21:26:39 IST" name="Default suite" finished-at="2025-09-15T21:27:08 IST" duration-ms="28301">
    <groups>
    </groups>
    <test started-at="2025-09-15T21:26:39 IST" name="Default test" finished-at="2025-09-15T21:27:08 IST" duration-ms="28301">
      <class name="tests.UserListTest">
        <test-method is-config="true" signature="setup()[pri:0, instance:tests.UserListTest@4ec4f3a0]" started-at="2025-09-15T21:26:39 IST" name="setup" finished-at="2025-09-15T21:26:44 IST" duration-ms="4378" status="PASS">
          <reporter-output>
          </reporter-output>
        </test-method> <!-- setup -->
        <test-method signature="getUserTest()[pri:0, instance:tests.UserListTest@4ec4f3a0]" started-at="2025-09-15T21:26:44 IST" name="getUserTest" finished-at="2025-09-15T21:27:07 IST" duration-ms="23528" status="PASS">
          <reporter-output>
          </reporter-output>
        </test-method> <!-- getUserTest -->
      </class> <!-- tests.UserListTest -->
    </test> <!-- Default test -->
  </suite> <!-- Default suite -->
</testng-results>
